#
# A fatal error has been detected by the Java Runtime Environment:
#
#  EXCEPTION_ACCESS_VIOLATION (0xc0000005) at pc=0x000000006e2b8f69, pid=3436, tid=3600
#
# JRE version: 7.0_21-b11
# Java VM: Java HotSpot(TM) 64-Bit Server VM (23.21-b01 mixed mode windows-amd64 compressed oops)
# Problematic frame:
# V  [jvm.dll+0x38f69]
#
# Failed to write core dump. Minidumps are not enabled by default on client versions of Windows
#
# If you would like to submit a bug report, please visit:
#   http://bugreport.sun.com/bugreport/crash.jsp
#

---------------  T H R E A D  ---------------

Current thread (0x0000000007718000):  JavaThread "JDWP Transport Listener: dt_socket" daemon [_thread_in_vm, id=3600, stack(0x0000000009980000,0x0000000009a80000)]

siginfo: ExceptionCode=0xc0000005, reading address 0x000000000000000c

Registers:
RAX=0x000000000000000c, RBX=0x0000000007718000, RCX=0x0000000000000000, RDX=0x0000000000000000
RSP=0x0000000009a7f2e0, RBP=0x000000000000000c, RSI=0x0000000000000000, RDI=0x0000000000000010
R8 =0x00000000f6feddc0, R9 =0x0000000000000000, R10=0x0000000000000000, R11=0x0000000000000001
R12=0x0000000000000000, R13=0x0000000000000000, R14=0x0000000000000000, R15=0x0000000000000000
RIP=0x000000006e2b8f69, EFLAGS=0x0000000000010246

Top of Stack: (sp=0x0000000009a7f2e0)
0x0000000009a7f2e0:   0000000007718000 0000000000000000
0x0000000009a7f2f0:   0000000000000000 0000000007718000
0x0000000009a7f300:   0000000000000000 000000006e377ea4
0x0000000009a7f310:   00000000f6feddc0 0000000009a7f430
0x0000000009a7f320:   000000000b553ef0 0000000009a7f400
0x0000000009a7f330:   0000000007718000 0000000000000000
0x0000000009a7f340:   000000000b553ef0 0000000009a7f430
0x0000000009a7f350:   0000000000000000 0000000000000000
0x0000000009a7f360:   00000000077181d8 0000000070977d15
0x0000000009a7f370:   0000000009a7f400 0000000009a7f430
0x0000000009a7f380:   000000000b553ef0 00000000077181d8
0x0000000009a7f390:   000000000a6c910a 000000007097f09c
0x0000000009a7f3a0:   000000006e010a01 0000000009a7f4a0
0x0000000009a7f3b0:   0000000007707501 0000000007707501
0x0000000009a7f3c0:   000014f600000013 000000006e010a00
0x0000000009a7f3d0:   000000000a6dcd00 000000000771fc80 

Instructions: (pc=0x000000006e2b8f69)
0x000000006e2b8f49:   d2 48 8b c5 eb 18 48 8b d0 48 8b c5 48 d3 e2 48
0x000000006e2b8f59:   03 15 b1 35 62 00 eb 06 48 8b 12 48 8b c7 48 98
0x000000006e2b8f69:   8b 14 10 85 d2 74 2a 45 84 db 4c 63 c6 48 0f 45
0x000000006e2b8f79:   fd 8d 47 0b 48 63 c8 48 83 e1 f8 48 c1 e9 03 8d 


Register to memory mapping:

RAX=0x000000000000000c is an unknown value
RBX=0x0000000007718000 is a thread
RCX=0x0000000000000000 is an unknown value
RDX=0x0000000000000000 is an unknown value
RSP=0x0000000009a7f2e0 is pointing into the stack for thread: 0x0000000007718000
RBP=0x000000000000000c is an unknown value
RSI=0x0000000000000000 is an unknown value
RDI=0x0000000000000010 is an unknown value
R8 =0x00000000f6feddc0 is an oop
java.lang.String 
 - klass: 'java/lang/String'
R9 =0x0000000000000000 is an unknown value
R10=0x0000000000000000 is an unknown value
R11=0x0000000000000001 is an unknown value
R12=0x0000000000000000 is an unknown value
R13=0x0000000000000000 is an unknown value
R14=0x0000000000000000 is an unknown value
R15=0x0000000000000000 is an unknown value


Stack: [0x0000000009980000,0x0000000009a80000],  sp=0x0000000009a7f2e0,  free space=1020k
Native frames: (J=compiled Java code, j=interpreted, Vv=VM code, C=native code)
V  [jvm.dll+0x38f69]


---------------  P R O C E S S  ---------------

Java Threads: ( => current thread )
  0x000000000a516800 JavaThread "pool-2-thread-5" daemon [_thread_blocked, id=1312, stack(0x000000000d610000,0x000000000d710000)]
  0x000000000d04b000 JavaThread "pool-2-thread-4" daemon [_thread_blocked, id=3796, stack(0x000000000c2b0000,0x000000000c3b0000)]
  0x000000000ac37000 JavaThread "Thread-7" daemon [_thread_blocked, id=5828, stack(0x000000000d450000,0x000000000d550000)]
  0x000000000bb0e000 JavaThread "Thread-6" daemon [_thread_blocked, id=9852, stack(0x000000000bce0000,0x000000000bde0000)]
  0x000000000db9d800 JavaThread "Timer-1" daemon [_thread_blocked, id=1724, stack(0x000000000e8d0000,0x000000000e9d0000)]
  0x000000000b369000 JavaThread "Timer-0" daemon [_thread_blocked, id=8628, stack(0x000000000bff0000,0x000000000c0f0000)]
  0x000000000ab69800 JavaThread "1356501565@qtp-85607586-1 - Acceptor0 SelectChannelConnector@127.0.0.1:8888" [_thread_in_native, id=8872, stack(0x000000000be70000,0x000000000bf70000)]
  0x000000000a932800 JavaThread "803313543@qtp-85607586-0" [_thread_blocked, id=1752, stack(0x000000000a150000,0x000000000a250000)]
  0x0000000009c91800 JavaThread "Service Thread" daemon [_thread_blocked, id=5292, stack(0x000000000a290000,0x000000000a390000)]
  0x0000000009c91000 JavaThread "C2 CompilerThread1" daemon [_thread_blocked, id=8428, stack(0x0000000009740000,0x0000000009840000)]
  0x0000000009d48000 JavaThread "C2 CompilerThread0" daemon [_thread_blocked, id=3048, stack(0x000000000a040000,0x000000000a140000)]
  0x0000000007731000 JavaThread "JDWP Command Reader" daemon [_thread_in_native, id=4440, stack(0x00000000092a0000,0x00000000093a0000)]
  0x0000000007724800 JavaThread "JDWP Event Helper Thread" daemon [_thread_blocked, id=3732, stack(0x0000000009a90000,0x0000000009b90000)]
=>0x0000000007718000 JavaThread "JDWP Transport Listener: dt_socket" daemon [_thread_in_vm, id=3600, stack(0x0000000009980000,0x0000000009a80000)]
  0x000000000770d000 JavaThread "Attach Listener" daemon [_thread_blocked, id=1796, stack(0x0000000008eb0000,0x0000000008fb0000)]
  0x0000000007706000 JavaThread "Signal Dispatcher" daemon [_thread_blocked, id=9308, stack(0x0000000008c00000,0x0000000008d00000)]
  0x000000000226c800 JavaThread "Finalizer" daemon [_thread_blocked, id=9384, stack(0x0000000008ac0000,0x0000000008bc0000)]
  0x0000000002265800 JavaThread "Reference Handler" daemon [_thread_blocked, id=6588, stack(0x0000000008930000,0x0000000008a30000)]
  0x000000000027f000 JavaThread "main" [_thread_blocked, id=9688, stack(0x00000000023a0000,0x00000000024a0000)]

Other Threads:
  0x0000000007682000 VMThread [stack: 0x0000000008730000,0x0000000008830000] [id=6932]
  0x0000000009ce0800 WatcherThread [stack: 0x000000000a410000,0x000000000a510000] [id=4924]

VM state:not at safepoint (normal execution)

VM Mutex/Monitor currently owned by a thread: None

Heap
 PSYoungGen      total 102912K, used 38298K [0x00000000f5560000, 0x00000000ffc00000, 0x0000000100000000)
  eden space 93184K, 31% used [0x00000000f5560000,0x00000000f7234380,0x00000000fb060000)
  from space 9728K, 90% used [0x00000000fb060000,0x00000000fb8f25e8,0x00000000fb9e0000)
  to   space 10752K, 0% used [0x00000000ff180000,0x00000000ff180000,0x00000000ffc00000)
 ParOldGen       total 32000K, used 15347K [0x00000000e0000000, 0x00000000e1f40000, 0x00000000f5560000)
  object space 32000K, 47% used [0x00000000e0000000,0x00000000e0efceb0,0x00000000e1f40000)
 PSPermGen       total 31808K, used 31726K [0x00000000dae00000, 0x00000000dcd10000, 0x00000000e0000000)
  object space 31808K, 99% used [0x00000000dae00000,0x00000000dccfb9e8,0x00000000dcd10000)

Card table byte_map: [0x0000000005560000,0x0000000005690000] byte_map_base: 0x0000000004e89000

Polling page: 0x0000000000230000

Code Cache  [0x00000000024a0000, 0x0000000002710000, 0x00000000054a0000)
 total_blobs=797 nmethods=449 adapters=307 free_code_cache=46988Kb largest_free_block=48060608

Compilation events (10 events):
Event: 602.372 Thread 0x0000000009d48000  451             com.google.appengine.tools.development.agent.impl.ObjectAccessVisitor$MethodTranslator::maybeReject (139 bytes)
Event: 602.398 Thread 0x0000000009d48000 nmethod 451 0x00000000025d7710 code [0x00000000025d7960, 0x00000000025d8970]
Event: 602.461 Thread 0x0000000009c91000  452             org.mortbay.util.StringMap::put (436 bytes)
Event: 602.510 Thread 0x0000000009c91000 nmethod 452 0x00000000026c7110 code [0x00000000026c7380, 0x00000000026c8d90]
Event: 602.516 Thread 0x0000000009d48000  453             java.util.Formatter$Flags::contains (22 bytes)
Event: 602.516 Thread 0x0000000009d48000 nmethod 453 0x00000000025c2c90 code [0x00000000025c2dc0, 0x00000000025c2e58]
Event: 757.432 Thread 0x0000000009c91000  454             org.mortbay.io.ByteArrayBuffer::hashCode (125 bytes)
Event: 757.440 Thread 0x0000000009d48000  455             sun.nio.cs.SingleByte$Encoder::encodeArrayLoop (236 bytes)
Event: 757.440 Thread 0x0000000009c91000 nmethod 454 0x00000000025c2710 code [0x00000000025c2860, 0x00000000025c2b58]
Event: 757.476 Thread 0x0000000009d48000 nmethod 455 0x000000000257d750 code [0x000000000257d940, 0x000000000257e470]

GC Heap History (10 events):
Event: 2.453 GC heap before
{Heap before GC invocations=5 (full 0):
 PSYoungGen      total 26048K, used 26016K [0x00000000f5560000, 0x00000000f70c0000, 0x0000000100000000)
  eden space 24064K, 100% used [0x00000000f5560000,0x00000000f6ce0000,0x00000000f6ce0000)
  from space 1984K, 98% used [0x00000000f6ed0000,0x00000000f70b8240,0x00000000f70c0000)
  to   space 1984K, 0% used [0x00000000f6ce0000,0x00000000f6ce0000,0x00000000f6ed0000)
 ParOldGen       total 32000K, used 5303K [0x00000000e0000000, 0x00000000e1f40000, 0x00000000f5560000)
  object space 32000K, 16% used [0x00000000e0000000,0x00000000e052dce8,0x00000000e1f40000)
 PSPermGen       total 21248K, used 15468K [0x00000000dae00000, 0x00000000dc2c0000, 0x00000000e0000000)
  object space 21248K, 72% used [0x00000000dae00000,0x00000000dbd1b3c0,0x00000000dc2c0000)
Event: 2.461 GC heap after
Heap after GC invocations=5 (full 0):
 PSYoungGen      total 26048K, used 1972K [0x00000000f5560000, 0x00000000f8e20000, 0x0000000100000000)
  eden space 24064K, 0% used [0x00000000f5560000,0x00000000f5560000,0x00000000f6ce0000)
  from space 1984K, 99% used [0x00000000f6ce0000,0x00000000f6ecd100,0x00000000f6ed0000)
  to   space 4992K, 0% used [0x00000000f8940000,0x00000000f8940000,0x00000000f8e20000)
 ParOldGen       total 32000K, used 7377K [0x00000000e0000000, 0x00000000e1f40000, 0x00000000f5560000)
  object space 32000K, 23% used [0x00000000e0000000,0x00000000e0734648,0x00000000e1f40000)
 PSPermGen       total 21248K, used 15468K [0x00000000dae00000, 0x00000000dc2c0000, 0x00000000e0000000)
  object space 21248K, 72% used [0x00000000dae00000,0x00000000dbd1b3c0,0x00000000dc2c0000)
}
Event: 2.963 GC heap before
{Heap before GC invocations=6 (full 0):
 PSYoungGen      total 26048K, used 26036K [0x00000000f5560000, 0x00000000f8e20000, 0x0000000100000000)
  eden space 24064K, 100% used [0x00000000f5560000,0x00000000f6ce0000,0x00000000f6ce0000)
  from space 1984K, 99% used [0x00000000f6ce0000,0x00000000f6ecd100,0x00000000f6ed0000)
  to   space 4992K, 0% used [0x00000000f8940000,0x00000000f8940000,0x00000000f8e20000)
 ParOldGen       total 32000K, used 7377K [0x00000000e0000000, 0x00000000e1f40000, 0x00000000f5560000)
  object space 32000K, 23% used [0x00000000e0000000,0x00000000e0734648,0x00000000e1f40000)
 PSPermGen       total 21248K, used 16255K [0x00000000dae00000, 0x00000000dc2c0000, 0x00000000e0000000)
  object space 21248K, 76% used [0x00000000dae00000,0x00000000dbddfea8,0x00000000dc2c0000)
Event: 2.974 GC heap after
Heap after GC invocations=6 (full 0):
 PSYoungGen      total 52032K, used 4979K [0x00000000f5560000, 0x00000000f9040000, 0x0000000100000000)
  eden space 47040K, 0% used [0x00000000f5560000,0x00000000f5560000,0x00000000f8350000)
  from space 4992K, 99% used [0x00000000f8940000,0x00000000f8e1cef0,0x00000000f8e20000)
  to   space 6080K, 0% used [0x00000000f8350000,0x00000000f8350000,0x00000000f8940000)
 ParOldGen       total 32000K, used 8169K [0x00000000e0000000, 0x00000000e1f40000, 0x00000000f5560000)
  object space 32000K, 25% used [0x00000000e0000000,0x00000000e07fa7d8,0x00000000e1f40000)
 PSPermGen       total 21248K, used 16255K [0x00000000dae00000, 0x00000000dc2c0000, 0x00000000e0000000)
  object space 21248K, 76% used [0x00000000dae00000,0x00000000dbddfea8,0x00000000dc2c0000)
}
Event: 14.053 GC heap before
{Heap before GC invocations=7 (full 0):
 PSYoungGen      total 52032K, used 52019K [0x00000000f5560000, 0x00000000f9040000, 0x0000000100000000)
  eden space 47040K, 100% used [0x00000000f5560000,0x00000000f8350000,0x00000000f8350000)
  from space 4992K, 99% used [0x00000000f8940000,0x00000000f8e1cef0,0x00000000f8e20000)
  to   space 6080K, 0% used [0x00000000f8350000,0x00000000f8350000,0x00000000f8940000)
 ParOldGen       total 32000K, used 8169K [0x00000000e0000000, 0x00000000e1f40000, 0x00000000f5560000)
  object space 32000K, 25% used [0x00000000e0000000,0x00000000e07fa7d8,0x00000000e1f40000)
 PSPermGen       total 21248K, used 19766K [0x00000000dae00000, 0x00000000dc2c0000, 0x00000000e0000000)
  object space 21248K, 93% used [0x00000000dae00000,0x00000000dc14d890,0x00000000dc2c0000)
Event: 14.069 GC heap after
Heap after GC invocations=7 (full 0):
 PSYoungGen      total 53120K, used 6052K [0x00000000f5560000, 0x00000000fc280000, 0x0000000100000000)
  eden space 47040K, 0% used [0x00000000f5560000,0x00000000f5560000,0x00000000f8350000)
  from space 6080K, 99% used [0x00000000f8350000,0x00000000f8939338,0x00000000f8940000)
  to   space 8832K, 0% used [0x00000000fb9e0000,0x00000000fb9e0000,0x00000000fc280000)
 ParOldGen       total 32000K, used 11973K [0x00000000e0000000, 0x00000000e1f40000, 0x00000000f5560000)
  object space 32000K, 37% used [0x00000000e0000000,0x00000000e0bb1518,0x00000000e1f40000)
 PSPermGen       total 21248K, used 19766K [0x00000000dae00000, 0x00000000dc2c0000, 0x00000000e0000000)
  object space 21248K, 93% used [0x00000000dae00000,0x00000000dc14d890,0x00000000dc2c0000)
}
Event: 14.939 GC heap before
{Heap before GC invocations=8 (full 0):
 PSYoungGen      total 53120K, used 53092K [0x00000000f5560000, 0x00000000fc280000, 0x0000000100000000)
  eden space 47040K, 100% used [0x00000000f5560000,0x00000000f8350000,0x00000000f8350000)
  from space 6080K, 99% used [0x00000000f8350000,0x00000000f8939338,0x00000000f8940000)
  to   space 8832K, 0% used [0x00000000fb9e0000,0x00000000fb9e0000,0x00000000fc280000)
 ParOldGen       total 32000K, used 11973K [0x00000000e0000000, 0x00000000e1f40000, 0x00000000f5560000)
  object space 32000K, 37% used [0x00000000e0000000,0x00000000e0bb1518,0x00000000e1f40000)
 PSPermGen       total 22592K, used 22460K [0x00000000dae00000, 0x00000000dc410000, 0x00000000e0000000)
  object space 22592K, 99% used [0x00000000dae00000,0x00000000dc3ef080,0x00000000dc410000)
Event: 14.958 GC heap after
Heap after GC invocations=8 (full 0):
 PSYoungGen      total 102016K, used 7910K [0x00000000f5560000, 0x00000000fc440000, 0x0000000100000000)
  eden space 93184K, 0% used [0x00000000f5560000,0x00000000f5560000,0x00000000fb060000)
  from space 8832K, 89% used [0x00000000fb9e0000,0x00000000fc199a98,0x00000000fc280000)
  to   space 9728K, 0% used [0x00000000fb060000,0x00000000fb060000,0x00000000fb9e0000)
 ParOldGen       total 32000K, used 12177K [0x00000000e0000000, 0x00000000e1f40000, 0x00000000f5560000)
  object space 32000K, 38% used [0x00000000e0000000,0x00000000e0be4568,0x00000000e1f40000)
 PSPermGen       total 22592K, used 22460K [0x00000000dae00000, 0x00000000dc410000, 0x00000000e0000000)
  object space 22592K, 99% used [0x00000000dae00000,0x00000000dc3ef080,0x00000000dc410000)
}
Event: 539.577 GC heap before
{Heap before GC invocations=9 (full 0):
 PSYoungGen      total 102016K, used 101094K [0x00000000f5560000, 0x00000000fc440000, 0x0000000100000000)
  eden space 93184K, 100% used [0x00000000f5560000,0x00000000fb060000,0x00000000fb060000)
  from space 8832K, 89% used [0x00000000fb9e0000,0x00000000fc199a98,0x00000000fc280000)
  to   space 9728K, 0% used [0x00000000fb060000,0x00000000fb060000,0x00000000fb9e0000)
 ParOldGen       total 32000K, used 12177K [0x00000000e0000000, 0x00000000e1f40000, 0x00000000f5560000)
  object space 32000K, 38% used [0x00000000e0000000,0x00000000e0be4568,0x00000000e1f40000)
 PSPermGen       total 29504K, used 29438K [0x00000000dae00000, 0x00000000dcad0000, 0x00000000e0000000)
  object space 29504K, 99% used [0x00000000dae00000,0x00000000dcabf950,0x00000000dcad0000)
Event: 539.594 GC heap after
Heap after GC invocations=9 (full 0):
 PSYoungGen      total 102912K, used 8777K [0x00000000f5560000, 0x00000000ffc00000, 0x0000000100000000)
  eden space 93184K, 0% used [0x00000000f5560000,0x00000000f5560000,0x00000000fb060000)
  from space 9728K, 90% used [0x00000000fb060000,0x00000000fb8f25e8,0x00000000fb9e0000)
  to   space 10752K, 0% used [0x00000000ff180000,0x00000000ff180000,0x00000000ffc00000)
 ParOldGen       total 32000K, used 15347K [0x00000000e0000000, 0x00000000e1f40000, 0x00000000f5560000)
  object space 32000K, 47% used [0x00000000e0000000,0x00000000e0efceb0,0x00000000e1f40000)
 PSPermGen       total 29504K, used 29438K [0x00000000dae00000, 0x00000000dcad0000, 0x00000000e0000000)
  object space 29504K, 99% used [0x00000000dae00000,0x00000000dcabf950,0x00000000dcad0000)
}

Deoptimization events (10 events):
Event: 15.287 Thread 0x000000000d04b000 Uncommon trap -34 fr.pc 0x0000000002505b44
Event: 15.288 Thread 0x000000000d04b000 Uncommon trap -34 fr.pc 0x0000000002505b44
Event: 16.064 Thread 0x000000000a932800 Uncommon trap -83 fr.pc 0x0000000002636208
Event: 81.559 Thread 0x000000000a932800 Uncommon trap -12 fr.pc 0x00000000026c3808
Event: 81.563 Thread 0x000000000a932800 Uncommon trap -12 fr.pc 0x00000000026bdda0
Event: 539.497 Thread 0x000000000d04b000 Uncommon trap -58 fr.pc 0x00000000025ffab4
Event: 602.510 Thread 0x000000000a932800 Uncommon trap -34 fr.pc 0x0000000002570984
Event: 602.510 Thread 0x000000000a932800 Uncommon trap -34 fr.pc 0x0000000002570984
Event: 602.511 Thread 0x000000000a932800 Uncommon trap -34 fr.pc 0x0000000002570984
Event: 602.511 Thread 0x000000000a932800 Uncommon trap -34 fr.pc 0x0000000002570984

Internal exceptions (10 events):
Event: 540.801 Thread 0x000000000a932800 Threw 0x00000000f622f980 at C:\jdk7u2_64p\jdk7u21\hotspot\src\share\vm\prims\jni.cpp:742
Event: 602.244 Thread 0x000000000a932800 Threw 0x00000000f6232a98 at C:\jdk7u2_64p\jdk7u21\hotspot\src\share\vm\prims\jvm.cpp:1166
Event: 602.266 Thread 0x000000000a932800 Threw 0x00000000f6270708 at C:\jdk7u2_64p\jdk7u21\hotspot\src\share\vm\runtime\objectMonitor.cpp:1422
Event: 602.344 Thread 0x000000000a932800 Threw 0x00000000f689f558 at C:\jdk7u2_64p\jdk7u21\hotspot\src\share\vm\prims\jvm.cpp:1166
Event: 602.349 Thread 0x000000000a932800 Threw 0x00000000f690d728 at C:\jdk7u2_64p\jdk7u21\hotspot\src\share\vm\prims\jvm.cpp:1166
Event: 602.352 Thread 0x000000000a932800 Threw 0x00000000f69c4500 at C:\jdk7u2_64p\jdk7u21\hotspot\src\share\vm\prims\jvm.cpp:1166
Event: 602.354 Thread 0x000000000a932800 Threw 0x00000000f69e3e60 at C:\jdk7u2_64p\jdk7u21\hotspot\src\share\vm\prims\jvm.cpp:1166
Event: 602.356 Thread 0x000000000a932800 Threw 0x00000000f69f3628 at C:\jdk7u2_64p\jdk7u21\hotspot\src\share\vm\prims\jvm.cpp:1166
Event: 602.357 Thread 0x000000000a932800 Threw 0x00000000f6a05fe0 at C:\jdk7u2_64p\jdk7u21\hotspot\src\share\vm\prims\jvm.cpp:1166
Event: 602.358 Thread 0x000000000a932800 Threw 0x00000000f6a1a1b8 at C:\jdk7u2_64p\jdk7u21\hotspot\src\share\vm\prims\jvm.cpp:1166

Events (10 events):
Event: 767.822 Executing VM operation: ChangeSingleStep
Event: 767.822 Executing VM operation: ChangeSingleStep done
Event: 767.824 Executing VM operation: ChangeSingleStep
Event: 767.824 Executing VM operation: ChangeSingleStep done
Event: 767.845 Executing VM operation: GetOrSetLocal
Event: 767.845 Executing VM operation: GetOrSetLocal done
Event: 767.848 Executing VM operation: GetOrSetLocal
Event: 767.848 Executing VM operation: GetOrSetLocal done
Event: 768.257 Executing VM operation: GetOrSetLocal
Event: 768.257 Executing VM operation: GetOrSetLocal done


Dynamic libraries:
0x000000013f1a0000 - 0x000000013f1d3000 	C:\Program Files\Java\jdk1.7.0_21\bin\javaw.exe
0x0000000076d20000 - 0x0000000076ec9000 	C:\WINDOWS\SYSTEM32\ntdll.dll
0x0000000076b00000 - 0x0000000076c1f000 	C:\WINDOWS\system32\kernel32.dll
0x000007fefcfd0000 - 0x000007fefd03b000 	C:\WINDOWS\system32\KERNELBASE.dll
0x000007fefe870000 - 0x000007fefe94b000 	C:\WINDOWS\system32\ADVAPI32.dll
0x000007fefe7d0000 - 0x000007fefe86f000 	C:\WINDOWS\system32\msvcrt.dll
0x000007fefe140000 - 0x000007fefe15f000 	C:\WINDOWS\SYSTEM32\sechost.dll
0x000007fefe6a0000 - 0x000007fefe7cd000 	C:\WINDOWS\system32\RPCRT4.dll
0x0000000076c20000 - 0x0000000076d1a000 	C:\WINDOWS\system32\USER32.dll
0x000007fefe160000 - 0x000007fefe1c7000 	C:\WINDOWS\system32\GDI32.dll
0x000007fefe1d0000 - 0x000007fefe1de000 	C:\WINDOWS\system32\LPK.dll
0x000007fefe9f0000 - 0x000007fefeab9000 	C:\WINDOWS\system32\USP10.dll
0x000007fefb3f0000 - 0x000007fefb5e4000 	C:\WINDOWS\WinSxS\amd64_microsoft.windows.common-controls_6595b64144ccf1df_6.0.7601.17514_none_fa396087175ac9ac\COMCTL32.dll
0x000007fefecc0000 - 0x000007fefed31000 	C:\WINDOWS\system32\SHLWAPI.dll
0x000007fefeb10000 - 0x000007fefeb3e000 	C:\WINDOWS\system32\IMM32.DLL
0x000007fefddd0000 - 0x000007fefded9000 	C:\WINDOWS\system32\MSCTF.dll
0x0000000061790000 - 0x0000000061861000 	C:\Program Files\Java\jdk1.7.0_21\jre\bin\msvcr100.dll
0x000000006e280000 - 0x000000006e9a1000 	C:\Program Files\Java\jdk1.7.0_21\jre\bin\server\jvm.dll
0x000007fef86c0000 - 0x000007fef86c9000 	C:\WINDOWS\system32\WSOCK32.dll
0x000007fefeac0000 - 0x000007fefeb0d000 	C:\WINDOWS\system32\WS2_32.dll
0x000007fefede0000 - 0x000007fefede8000 	C:\WINDOWS\system32\NSI.dll
0x000007fefa310000 - 0x000007fefa34b000 	C:\WINDOWS\system32\WINMM.dll
0x0000000076ef0000 - 0x0000000076ef7000 	C:\WINDOWS\system32\PSAPI.DLL
0x0000000074860000 - 0x000000007486f000 	C:\Program Files\Java\jdk1.7.0_21\jre\bin\verify.dll
0x00000000728e0000 - 0x0000000072908000 	C:\Program Files\Java\jdk1.7.0_21\jre\bin\java.dll
0x0000000070970000 - 0x00000000709a5000 	C:\Program Files\Java\jdk1.7.0_21\jre\bin\jdwp.dll
0x0000000072a70000 - 0x0000000072a78000 	C:\Program Files\Java\jdk1.7.0_21\jre\bin\npt.dll
0x0000000072910000 - 0x0000000072933000 	C:\Program Files\Java\jdk1.7.0_21\jre\bin\instrument.dll
0x0000000072870000 - 0x0000000072885000 	C:\Program Files\Java\jdk1.7.0_21\jre\bin\zip.dll
0x00000000729f0000 - 0x00000000729f9000 	C:\Program Files\Java\jdk1.7.0_21\jre\bin\dt_socket.dll
0x000007fef9c60000 - 0x000007fef9c75000 	C:\WINDOWS\system32\NLAapi.dll
0x000007fef35d0000 - 0x000007fef35e5000 	C:\WINDOWS\system32\napinsp.dll
0x000007fef35b0000 - 0x000007fef35c9000 	C:\WINDOWS\system32\pnrpnsp.dll
0x000007fefc4d0000 - 0x000007fefc525000 	C:\WINDOWS\System32\mswsock.dll
0x000007fefc360000 - 0x000007fefc3bb000 	C:\WINDOWS\system32\DNSAPI.dll
0x000007fef35a0000 - 0x000007fef35ab000 	C:\WINDOWS\System32\winrnr.dll
0x000007fef9a80000 - 0x000007fef9aa7000 	C:\WINDOWS\system32\IPHLPAPI.DLL
0x000007fef9a60000 - 0x000007fef9a6b000 	C:\WINDOWS\system32\WINNSI.DLL
0x000007fef8ea0000 - 0x000007fef8ef3000 	C:\WINDOWS\System32\fwpuclnt.dll
0x000007fef4ab0000 - 0x000007fef4ab8000 	C:\WINDOWS\system32\rasadhlp.dll
0x000007fefbb20000 - 0x000007fefbb27000 	C:\WINDOWS\System32\wshtcpip.dll
0x0000000070950000 - 0x0000000070969000 	C:\Program Files\Java\jdk1.7.0_21\jre\bin\net.dll
0x000007fefc700000 - 0x000007fefc707000 	C:\WINDOWS\System32\wship6.dll
0x0000000070930000 - 0x0000000070941000 	C:\Program Files\Java\jdk1.7.0_21\jre\bin\nio.dll
0x00000000701b0000 - 0x00000000701d4000 	C:\Program Files\Java\jdk1.7.0_21\jre\bin\sunec.dll
0x00000000728d0000 - 0x00000000728db000 	C:\Program Files\Java\jdk1.7.0_21\jre\bin\sunmscapi.dll
0x000007fefce60000 - 0x000007fefcfcc000 	C:\WINDOWS\system32\CRYPT32.dll
0x000007fefcd10000 - 0x000007fefcd1f000 	C:\WINDOWS\system32\MSASN1.dll
0x000007fefc530000 - 0x000007fefc547000 	C:\WINDOWS\system32\CRYPTSP.dll
0x000007fefc1e0000 - 0x000007fefc227000 	C:\WINDOWS\system32\rsaenh.dll
0x000007fefbc30000 - 0x000007fefbc4e000 	C:\WINDOWS\system32\USERENV.dll
0x000007fefcc70000 - 0x000007fefcc7f000 	C:\WINDOWS\system32\profapi.dll
0x000007fefcba0000 - 0x000007fefcbaf000 	C:\WINDOWS\system32\CRYPTBASE.dll
0x000007fef2850000 - 0x000007fef2975000 	C:\WINDOWS\system32\dbghelp.dll

VM Arguments:
jvm_args: -agentlib:jdwp=transport=dt_socket,suspend=y,address=localhost:59809 -javaagent:C:\Tools\eclipse\plugins\com.google.appengine.eclipse.sdkbundle_1.9.0\appengine-java-sdk-1.9.0\lib\agent\appengine-agent.jar -Ddatastore.default_high_rep_job_policy_unapplied_job_pct=50 -Xmx512m -XX:-UseSplitVerifier -Dfile.encoding=Cp1252 -Xbootclasspath/a:C:\Tools\MySQL\mysql-connector-java-5.1.0-bin.jar 
java_command: com.google.appengine.tools.development.DevAppServerMain --port=8888 C:\Users\t819986\git\pacific-formula-486\Rent1\war
Launcher Type: SUN_STANDARD

Environment Variables:
CLASSPATH=C:\Tools\MySQL;
PATH=C:\Program Files\Java\jdk1.7.0_21\jre\bin;C:\Program Files (x86)\ActiveState Komodo Edit 8\;C:\Program Files (x86)\Attachmate\Reflection\;C:\Program Files\Dell\DW WLAN Card;;C:\WINDOWS\system32;C:\WINDOWS;C:\WINDOWS\System32\Wbem;C:\WINDOWS\System32\WindowsPowerShell\v1.0\;C:\Program Files\ActivIdentity\ActivClient\;C:\Program Files (x86)\ActivIdentity\ActivClient\;C:\Program Files (x86)\NTRU Cryptosystems\NTRU TCG Software Stack\bin\;C:\Program Files\NTRU Cryptosystems\NTRU TCG Software Stack\bin\;C:\Program Files (x86)\Borland\StarTeam SDK 10.0\Lib;C:\Program Files (x86)\Borland\StarTeam SDK 10.0\Bin;C:\Program Files (x86)\Borland\CaliberRM SDK 2008\lib;C:\ORACLE\Product\11.2.0\client_1;C:\WINDOWS\SysWOW64\;C:\WINDOWS\SysWOW64\Wbem;C:\Program Files (x86)\InstallShield\AdminStudio\6.0\ConflictSolver;C:\Program Files (x86)\ClickSoftware\Service Optimization\Bin;C:\Program Files\Java\jdk1.7.0_51\bin;C:\Program Files (x86)\MySQL\MySQL Utilities 1.3.6\;C:\Program Files (x86)\Microsoft Team Foundation Server 2013 Power Tools\;C:\Program Files (x86)\Microsoft Team Foundation Server 2013 Power Tools\Best Practices Analyzer\
USERNAME=t819986
OS=Windows_NT
PROCESSOR_IDENTIFIER=Intel64 Family 6 Model 37 Stepping 5, GenuineIntel



---------------  S Y S T E M  ---------------

OS: Windows 7 , 64 bit Build 7601 Service Pack 1

CPU:total 4 (2 cores per cpu, 2 threads per core) family 6 model 37 stepping 5, cmov, cx8, fxsr, mmx, sse, sse2, sse3, ssse3, sse4.1, sse4.2, popcnt, ht, tsc, tscinvbit

Memory: 4k page, physical 3069796k(704396k free), swap 6186880k(1898120k free)

vm_info: Java HotSpot(TM) 64-Bit Server VM (23.21-b01) for windows-amd64 JRE (1.7.0_21-b11), built on Apr  4 2013 08:11:28 by "java_re" with unknown MS VC++:1600

time: Sun Mar 09 22:42:11 2014
elapsed time: 768 seconds

